<?xml version="1.0" encoding="UTF-8"?>
<!-- Generated by org.testng.reporters.JUnitReportReporter -->
<testsuite hostname="CELSYS028" name="Devices.Spoke_Back" tests="1" failures="0" timestamp="12 Jul 2017 10:11:36 GMT" time="106.826" errors="0">
  <testcase name="test" time="106.826" classname="Devices.Spoke_Back"/>
</testsuite> <!-- Devices.Spoke_Back -->
