<?xml version="1.0" encoding="UTF-8"?>
<!-- Generated by org.testng.reporters.JUnitReportReporter -->
<testsuite hostname="CELSYS028" name="Devices.Ribbon_Registration" tests="1" failures="0" timestamp="18 Jul 2017 12:01:01 GMT" time="20.379" errors="0">
  <testcase name="ribbon_Register" time="20.379" classname="Devices.Ribbon_Registration"/>
</testsuite> <!-- Devices.Ribbon_Registration -->
