<?xml version="1.0" encoding="UTF-8"?>
<!-- Generated by org.testng.reporters.JUnitReportReporter -->
<testsuite hostname="CELSYS028" name="Devices.Ribbon_Deletion" tests="2" failures="0" timestamp="14 Jul 2017 11:07:23 GMT" time="24.447" errors="0">
  <testcase name="ribbon_Register" time="20.001" classname="Devices.Ribbon_Deletion"/>
  <testcase name="ribbon_delete" time="4.446" classname="Devices.Ribbon_Deletion"/>
</testsuite> <!-- Devices.Ribbon_Deletion -->
