<?xml version="1.0" encoding="UTF-8"?>
<!-- Generated by org.testng.reporters.JUnitReportReporter -->
<testsuite hostname="CELSYS028" name="Devices.My_Ribbon2" tests="2" failures="0" timestamp="12 Jul 2017 11:08:55 GMT" time="35.040" errors="0">
  <testcase name="test" time="20.256" classname="Devices.My_Ribbon2"/>
  <testcase name="test" time="14.784" classname="Devices.My_Ribbon2"/>
</testsuite> <!-- Devices.My_Ribbon2 -->
