<?xml version="1.0" encoding="UTF-8"?>
<!-- Generated by org.testng.reporters.JUnitReportReporter -->
<testsuite hostname="CELSYS028" name="Devices.Small_Tile" tests="1" failures="0" timestamp="20 Jun 2017 13:04:57 GMT" time="9.177" errors="0">
  <testcase name="test" time="9.177" classname="Devices.Small_Tile"/>
</testsuite> <!-- Devices.Small_Tile -->
