<?xml version="1.0" encoding="UTF-8"?>
<!-- Generated by org.testng.reporters.JUnitReportReporter -->
<testsuite hostname="CELSYS028" name="Devices.My_Ribbon3" tests="1" failures="0" timestamp="26 Jun 2017 08:18:30 GMT" time="26.011" errors="0">
  <testcase name="test" time="26.011" classname="Devices.My_Ribbon3"/>
</testsuite> <!-- Devices.My_Ribbon3 -->
