<?xml version="1.0" encoding="UTF-8"?>
<!-- Generated by org.testng.reporters.JUnitReportReporter -->
<testsuite hostname="CELSYS028" name="Devices.Ribbon_back" tests="3" failures="3" timestamp="18 Jul 2017 11:47:50 GMT" time="53.627" errors="0">
  <testcase name="ribbon_Register" time="53.536" classname="Devices.Ribbon_back">
    <failure type="org.openqa.selenium.WebDriverException" message="UiAutomator died while responding to command, please check appium logs! (WARNING: The server did not provide any stacktrace information)
Command duration or timeout: 43.48 seconds
Build info: version: &#039;unknown&#039;, revision: &#039;unknown&#039;, time: &#039;unknown&#039;
System info: host: &#039;CELSYS028&#039;, ip: &#039;192.168.5.189&#039;, os.name: &#039;Windows 7&#039;, os.arch: &#039;amd64&#039;, os.version: &#039;6.1&#039;, java.version: &#039;1.8.0_101&#039;
Driver info: io.appium.java_client.android.AndroidDriver
Capabilities [{appPackage=jp.co.necp.mytimeline, networkConnectionEnabled=true, warnings={}, databaseEnabled=false, deviceName=6b3f9b22, version=6.0.1, platform=LINUX, appActivity=jp.co.necp.mytimeline.MainActivity, desired={appPackage=jp.co.necp.mytimeline, appActivity=jp.co.necp.mytimeline.MainActivity, no-reset=true, newCommandTimeout=20, full-reset=false, platformName=Android, deviceName=nec-pc_ts508fam-6b3f9b22, version=6.0.1}, no-reset=true, newCommandTimeout=20, platformVersion=6.0.1, webStorageEnabled=false, locationContextEnabled=false, full-reset=false, browserName=Android, takesScreenshot=true, javascriptEnabled=true, platformName=Android}]
Session ID: f5ac1fab-fae7-4670-bee9-e06e088443d1">
      <![CDATA[org.openqa.selenium.WebDriverException: UiAutomator died while responding to command, please check appium logs! (WARNING: The server did not provide any stacktrace information)
Command duration or timeout: 43.48 seconds
Build info: version: 'unknown', revision: 'unknown', time: 'unknown'
System info: host: 'CELSYS028', ip: '192.168.5.189', os.name: 'Windows 7', os.arch: 'amd64', os.version: '6.1', java.version: '1.8.0_101'
Driver info: io.appium.java_client.android.AndroidDriver
Capabilities [{appPackage=jp.co.necp.mytimeline, networkConnectionEnabled=true, warnings={}, databaseEnabled=false, deviceName=6b3f9b22, version=6.0.1, platform=LINUX, appActivity=jp.co.necp.mytimeline.MainActivity, desired={appPackage=jp.co.necp.mytimeline, appActivity=jp.co.necp.mytimeline.MainActivity, no-reset=true, newCommandTimeout=20, full-reset=false, platformName=Android, deviceName=nec-pc_ts508fam-6b3f9b22, version=6.0.1}, no-reset=true, newCommandTimeout=20, platformVersion=6.0.1, webStorageEnabled=false, locationContextEnabled=false, full-reset=false, browserName=Android, takesScreenshot=true, javascriptEnabled=true, platformName=Android}]
Session ID: f5ac1fab-fae7-4670-bee9-e06e088443d1
	at sun.reflect.NativeConstructorAccessorImpl.newInstance0(Native Method)
	at sun.reflect.NativeConstructorAccessorImpl.newInstance(Unknown Source)
	at sun.reflect.DelegatingConstructorAccessorImpl.newInstance(Unknown Source)
	at java.lang.reflect.Constructor.newInstance(Unknown Source)
	at org.openqa.selenium.remote.ErrorHandler.createThrowable(ErrorHandler.java:215)
	at org.openqa.selenium.remote.ErrorHandler.throwIfResponseFailed(ErrorHandler.java:167)
	at org.openqa.selenium.remote.RemoteWebDriver.execute(RemoteWebDriver.java:671)
	at io.appium.java_client.DefaultGenericMobileDriver.execute(DefaultGenericMobileDriver.java:42)
	at io.appium.java_client.AppiumDriver.execute(AppiumDriver.java:1)
	at io.appium.java_client.android.AndroidDriver.execute(AndroidDriver.java:1)
	at org.openqa.selenium.remote.RemoteWebElement.execute(RemoteWebElement.java:272)
	at io.appium.java_client.DefaultGenericMobileElement.execute(DefaultGenericMobileElement.java:45)
	at io.appium.java_client.MobileElement.execute(MobileElement.java:1)
	at io.appium.java_client.android.AndroidElement.execute(AndroidElement.java:1)
	at org.openqa.selenium.remote.RemoteWebElement.sendKeys(RemoteWebElement.java:96)
	at Devices.Ribbon_back.ribbon_Register(Ribbon_back.java:76)
	at sun.reflect.NativeMethodAccessorImpl.invoke0(Native Method)
	at sun.reflect.NativeMethodAccessorImpl.invoke(Unknown Source)
	at sun.reflect.DelegatingMethodAccessorImpl.invoke(Unknown Source)
	at java.lang.reflect.Method.invoke(Unknown Source)
	at org.testng.internal.MethodInvocationHelper.invokeMethod(MethodInvocationHelper.java:80)
	at org.testng.internal.Invoker.invokeMethod(Invoker.java:715)
	at org.testng.internal.Invoker.invokeTestMethod(Invoker.java:907)
	at org.testng.internal.Invoker.invokeTestMethods(Invoker.java:1237)
	at org.testng.internal.TestMethodWorker.invokeTestMethods(TestMethodWorker.java:127)
	at org.testng.internal.TestMethodWorker.run(TestMethodWorker.java:111)
	at org.testng.TestRunner.privateRun(TestRunner.java:767)
	at org.testng.TestRunner.run(TestRunner.java:617)
	at org.testng.SuiteRunner.runTest(SuiteRunner.java:334)
	at org.testng.SuiteRunner.runSequentially(SuiteRunner.java:329)
	at org.testng.SuiteRunner.privateRun(SuiteRunner.java:291)
	at org.testng.SuiteRunner.run(SuiteRunner.java:240)
	at org.testng.SuiteRunnerWorker.runSuite(SuiteRunnerWorker.java:51)
	at org.testng.SuiteRunnerWorker.run(SuiteRunnerWorker.java:85)
	at org.testng.TestNG.runSuitesSequentially(TestNG.java:1197)
	at org.testng.TestNG.runSuitesLocally(TestNG.java:1122)
	at org.testng.TestNG.run(TestNG.java:1030)
	at org.testng.remote.AbstractRemoteTestNG.run(AbstractRemoteTestNG.java:132)
	at org.testng.remote.RemoteTestNG.initAndRun(RemoteTestNG.java:230)
	at org.testng.remote.RemoteTestNG.main(RemoteTestNG.java:76)
]]>
    </failure>
  </testcase> <!-- ribbon_Register -->
  <testcase name="hamburger_menu" time="0.075" classname="Devices.Ribbon_back">
    <failure type="org.openqa.selenium.NoSuchSessionException" message="
Command duration or timeout: 5 milliseconds
Build info: version: &#039;unknown&#039;, revision: &#039;unknown&#039;, time: &#039;unknown&#039;
System info: host: &#039;CELSYS028&#039;, ip: &#039;192.168.5.189&#039;, os.name: &#039;Windows 7&#039;, os.arch: &#039;amd64&#039;, os.version: &#039;6.1&#039;, java.version: &#039;1.8.0_101&#039;
Driver info: io.appium.java_client.android.AndroidDriver
Capabilities [{appPackage=jp.co.necp.mytimeline, networkConnectionEnabled=true, warnings={}, databaseEnabled=false, deviceName=6b3f9b22, version=6.0.1, platform=LINUX, appActivity=jp.co.necp.mytimeline.MainActivity, desired={appPackage=jp.co.necp.mytimeline, appActivity=jp.co.necp.mytimeline.MainActivity, no-reset=true, newCommandTimeout=20, full-reset=false, platformName=Android, deviceName=nec-pc_ts508fam-6b3f9b22, version=6.0.1}, no-reset=true, newCommandTimeout=20, platformVersion=6.0.1, webStorageEnabled=false, locationContextEnabled=false, full-reset=false, browserName=Android, takesScreenshot=true, javascriptEnabled=true, platformName=Android}]
Session ID: f5ac1fab-fae7-4670-bee9-e06e088443d1
*** Element info: {Using=id, value=jp.co.necp.mytimeline:id/header_setting_button}">
      <![CDATA[org.openqa.selenium.NoSuchSessionException: 
Command duration or timeout: 5 milliseconds
Build info: version: 'unknown', revision: 'unknown', time: 'unknown'
System info: host: 'CELSYS028', ip: '192.168.5.189', os.name: 'Windows 7', os.arch: 'amd64', os.version: '6.1', java.version: '1.8.0_101'
Driver info: io.appium.java_client.android.AndroidDriver
Capabilities [{appPackage=jp.co.necp.mytimeline, networkConnectionEnabled=true, warnings={}, databaseEnabled=false, deviceName=6b3f9b22, version=6.0.1, platform=LINUX, appActivity=jp.co.necp.mytimeline.MainActivity, desired={appPackage=jp.co.necp.mytimeline, appActivity=jp.co.necp.mytimeline.MainActivity, no-reset=true, newCommandTimeout=20, full-reset=false, platformName=Android, deviceName=nec-pc_ts508fam-6b3f9b22, version=6.0.1}, no-reset=true, newCommandTimeout=20, platformVersion=6.0.1, webStorageEnabled=false, locationContextEnabled=false, full-reset=false, browserName=Android, takesScreenshot=true, javascriptEnabled=true, platformName=Android}]
Session ID: f5ac1fab-fae7-4670-bee9-e06e088443d1
*** Element info: {Using=id, value=jp.co.necp.mytimeline:id/header_setting_button}
	at sun.reflect.NativeConstructorAccessorImpl.newInstance0(Native Method)
	at sun.reflect.NativeConstructorAccessorImpl.newInstance(Unknown Source)
	at sun.reflect.DelegatingConstructorAccessorImpl.newInstance(Unknown Source)
	at java.lang.reflect.Constructor.newInstance(Unknown Source)
	at org.openqa.selenium.remote.ErrorHandler.createThrowable(ErrorHandler.java:215)
	at org.openqa.selenium.remote.ErrorHandler.throwIfResponseFailed(ErrorHandler.java:167)
	at org.openqa.selenium.remote.RemoteWebDriver.execute(RemoteWebDriver.java:671)
	at io.appium.java_client.DefaultGenericMobileDriver.execute(DefaultGenericMobileDriver.java:42)
	at io.appium.java_client.AppiumDriver.execute(AppiumDriver.java:1)
	at io.appium.java_client.android.AndroidDriver.execute(AndroidDriver.java:1)
	at org.openqa.selenium.remote.RemoteWebDriver.findElement(RemoteWebDriver.java:410)
	at io.appium.java_client.DefaultGenericMobileDriver.findElement(DefaultGenericMobileDriver.java:62)
	at io.appium.java_client.AppiumDriver.findElement(AppiumDriver.java:1)
	at io.appium.java_client.android.AndroidDriver.findElement(AndroidDriver.java:1)
	at org.openqa.selenium.remote.RemoteWebDriver.findElementById(RemoteWebDriver.java:453)
	at io.appium.java_client.DefaultGenericMobileDriver.findElementById(DefaultGenericMobileDriver.java:70)
	at io.appium.java_client.AppiumDriver.findElementById(AppiumDriver.java:1)
	at io.appium.java_client.android.AndroidDriver.findElementById(AndroidDriver.java:1)
	at org.openqa.selenium.By$ById.findElement(By.java:218)
	at org.openqa.selenium.remote.RemoteWebDriver.findElement(RemoteWebDriver.java:402)
	at io.appium.java_client.DefaultGenericMobileDriver.findElement(DefaultGenericMobileDriver.java:58)
	at io.appium.java_client.AppiumDriver.findElement(AppiumDriver.java:1)
	at io.appium.java_client.android.AndroidDriver.findElement(AndroidDriver.java:1)
	at Devices.Ribbon_back.hamburger_menu(Ribbon_back.java:105)
	at sun.reflect.NativeMethodAccessorImpl.invoke0(Native Method)
	at sun.reflect.NativeMethodAccessorImpl.invoke(Unknown Source)
	at sun.reflect.DelegatingMethodAccessorImpl.invoke(Unknown Source)
	at java.lang.reflect.Method.invoke(Unknown Source)
	at org.testng.internal.MethodInvocationHelper.invokeMethod(MethodInvocationHelper.java:80)
	at org.testng.internal.Invoker.invokeMethod(Invoker.java:715)
	at org.testng.internal.Invoker.invokeTestMethod(Invoker.java:907)
	at org.testng.internal.Invoker.invokeTestMethods(Invoker.java:1237)
	at org.testng.internal.TestMethodWorker.invokeTestMethods(TestMethodWorker.java:127)
	at org.testng.internal.TestMethodWorker.run(TestMethodWorker.java:111)
	at org.testng.TestRunner.privateRun(TestRunner.java:767)
	at org.testng.TestRunner.run(TestRunner.java:617)
	at org.testng.SuiteRunner.runTest(SuiteRunner.java:334)
	at org.testng.SuiteRunner.runSequentially(SuiteRunner.java:329)
	at org.testng.SuiteRunner.privateRun(SuiteRunner.java:291)
	at org.testng.SuiteRunner.run(SuiteRunner.java:240)
	at org.testng.SuiteRunnerWorker.runSuite(SuiteRunnerWorker.java:51)
	at org.testng.SuiteRunnerWorker.run(SuiteRunnerWorker.java:85)
	at org.testng.TestNG.runSuitesSequentially(TestNG.java:1197)
	at org.testng.TestNG.runSuitesLocally(TestNG.java:1122)
	at org.testng.TestNG.run(TestNG.java:1030)
	at org.testng.remote.AbstractRemoteTestNG.run(AbstractRemoteTestNG.java:132)
	at org.testng.remote.RemoteTestNG.initAndRun(RemoteTestNG.java:230)
	at org.testng.remote.RemoteTestNG.main(RemoteTestNG.java:76)
]]>
    </failure>
  </testcase> <!-- hamburger_menu -->
  <testcase name="ribbon_delete" time="0.016" classname="Devices.Ribbon_back">
    <failure type="org.openqa.selenium.NoSuchSessionException" message="
Command duration or timeout: 13 milliseconds
Build info: version: &#039;unknown&#039;, revision: &#039;unknown&#039;, time: &#039;unknown&#039;
System info: host: &#039;CELSYS028&#039;, ip: &#039;192.168.5.189&#039;, os.name: &#039;Windows 7&#039;, os.arch: &#039;amd64&#039;, os.version: &#039;6.1&#039;, java.version: &#039;1.8.0_101&#039;
Driver info: io.appium.java_client.android.AndroidDriver
Capabilities [{appPackage=jp.co.necp.mytimeline, networkConnectionEnabled=true, warnings={}, databaseEnabled=false, deviceName=6b3f9b22, version=6.0.1, platform=LINUX, appActivity=jp.co.necp.mytimeline.MainActivity, desired={appPackage=jp.co.necp.mytimeline, appActivity=jp.co.necp.mytimeline.MainActivity, no-reset=true, newCommandTimeout=20, full-reset=false, platformName=Android, deviceName=nec-pc_ts508fam-6b3f9b22, version=6.0.1}, no-reset=true, newCommandTimeout=20, platformVersion=6.0.1, webStorageEnabled=false, locationContextEnabled=false, full-reset=false, browserName=Android, takesScreenshot=true, javascriptEnabled=true, platformName=Android}]
Session ID: f5ac1fab-fae7-4670-bee9-e06e088443d1
*** Element info: {Using=id, value=jp.co.necp.mytimeline:id/header_setting_button}">
      <![CDATA[org.openqa.selenium.NoSuchSessionException: 
Command duration or timeout: 13 milliseconds
Build info: version: 'unknown', revision: 'unknown', time: 'unknown'
System info: host: 'CELSYS028', ip: '192.168.5.189', os.name: 'Windows 7', os.arch: 'amd64', os.version: '6.1', java.version: '1.8.0_101'
Driver info: io.appium.java_client.android.AndroidDriver
Capabilities [{appPackage=jp.co.necp.mytimeline, networkConnectionEnabled=true, warnings={}, databaseEnabled=false, deviceName=6b3f9b22, version=6.0.1, platform=LINUX, appActivity=jp.co.necp.mytimeline.MainActivity, desired={appPackage=jp.co.necp.mytimeline, appActivity=jp.co.necp.mytimeline.MainActivity, no-reset=true, newCommandTimeout=20, full-reset=false, platformName=Android, deviceName=nec-pc_ts508fam-6b3f9b22, version=6.0.1}, no-reset=true, newCommandTimeout=20, platformVersion=6.0.1, webStorageEnabled=false, locationContextEnabled=false, full-reset=false, browserName=Android, takesScreenshot=true, javascriptEnabled=true, platformName=Android}]
Session ID: f5ac1fab-fae7-4670-bee9-e06e088443d1
*** Element info: {Using=id, value=jp.co.necp.mytimeline:id/header_setting_button}
	at sun.reflect.NativeConstructorAccessorImpl.newInstance0(Native Method)
	at sun.reflect.NativeConstructorAccessorImpl.newInstance(Unknown Source)
	at sun.reflect.DelegatingConstructorAccessorImpl.newInstance(Unknown Source)
	at java.lang.reflect.Constructor.newInstance(Unknown Source)
	at org.openqa.selenium.remote.ErrorHandler.createThrowable(ErrorHandler.java:215)
	at org.openqa.selenium.remote.ErrorHandler.throwIfResponseFailed(ErrorHandler.java:167)
	at org.openqa.selenium.remote.RemoteWebDriver.execute(RemoteWebDriver.java:671)
	at io.appium.java_client.DefaultGenericMobileDriver.execute(DefaultGenericMobileDriver.java:42)
	at io.appium.java_client.AppiumDriver.execute(AppiumDriver.java:1)
	at io.appium.java_client.android.AndroidDriver.execute(AndroidDriver.java:1)
	at org.openqa.selenium.remote.RemoteWebDriver.findElement(RemoteWebDriver.java:410)
	at io.appium.java_client.DefaultGenericMobileDriver.findElement(DefaultGenericMobileDriver.java:62)
	at io.appium.java_client.AppiumDriver.findElement(AppiumDriver.java:1)
	at io.appium.java_client.android.AndroidDriver.findElement(AndroidDriver.java:1)
	at org.openqa.selenium.remote.RemoteWebDriver.findElementById(RemoteWebDriver.java:453)
	at io.appium.java_client.DefaultGenericMobileDriver.findElementById(DefaultGenericMobileDriver.java:70)
	at io.appium.java_client.AppiumDriver.findElementById(AppiumDriver.java:1)
	at io.appium.java_client.android.AndroidDriver.findElementById(AndroidDriver.java:1)
	at org.openqa.selenium.By$ById.findElement(By.java:218)
	at org.openqa.selenium.remote.RemoteWebDriver.findElement(RemoteWebDriver.java:402)
	at io.appium.java_client.DefaultGenericMobileDriver.findElement(DefaultGenericMobileDriver.java:58)
	at io.appium.java_client.AppiumDriver.findElement(AppiumDriver.java:1)
	at io.appium.java_client.android.AndroidDriver.findElement(AndroidDriver.java:1)
	at Devices.Ribbon_back.ribbon_delete(Ribbon_back.java:154)
	at sun.reflect.NativeMethodAccessorImpl.invoke0(Native Method)
	at sun.reflect.NativeMethodAccessorImpl.invoke(Unknown Source)
	at sun.reflect.DelegatingMethodAccessorImpl.invoke(Unknown Source)
	at java.lang.reflect.Method.invoke(Unknown Source)
	at org.testng.internal.MethodInvocationHelper.invokeMethod(MethodInvocationHelper.java:80)
	at org.testng.internal.Invoker.invokeMethod(Invoker.java:715)
	at org.testng.internal.Invoker.invokeTestMethod(Invoker.java:907)
	at org.testng.internal.Invoker.invokeTestMethods(Invoker.java:1237)
	at org.testng.internal.TestMethodWorker.invokeTestMethods(TestMethodWorker.java:127)
	at org.testng.internal.TestMethodWorker.run(TestMethodWorker.java:111)
	at org.testng.TestRunner.privateRun(TestRunner.java:767)
	at org.testng.TestRunner.run(TestRunner.java:617)
	at org.testng.SuiteRunner.runTest(SuiteRunner.java:334)
	at org.testng.SuiteRunner.runSequentially(SuiteRunner.java:329)
	at org.testng.SuiteRunner.privateRun(SuiteRunner.java:291)
	at org.testng.SuiteRunner.run(SuiteRunner.java:240)
	at org.testng.SuiteRunnerWorker.runSuite(SuiteRunnerWorker.java:51)
	at org.testng.SuiteRunnerWorker.run(SuiteRunnerWorker.java:85)
	at org.testng.TestNG.runSuitesSequentially(TestNG.java:1197)
	at org.testng.TestNG.runSuitesLocally(TestNG.java:1122)
	at org.testng.TestNG.run(TestNG.java:1030)
	at org.testng.remote.AbstractRemoteTestNG.run(AbstractRemoteTestNG.java:132)
	at org.testng.remote.RemoteTestNG.initAndRun(RemoteTestNG.java:230)
	at org.testng.remote.RemoteTestNG.main(RemoteTestNG.java:76)
]]>
    </failure>
  </testcase> <!-- ribbon_delete -->
</testsuite> <!-- Devices.Ribbon_back -->
