<?xml version="1.0" encoding="UTF-8"?>
<!-- Generated by org.testng.reporters.JUnitReportReporter -->
<testsuite hostname="CELSYS028" name="Devices.Whatsapp" tests="2" failures="0" timestamp="13 Jun 2017 08:08:01 GMT" time="5.529" errors="0">
  <testcase name="contacts" time="1.720" classname="Devices.Whatsapp"/>
  <testcase name="launch" time="3.809" classname="Devices.Whatsapp"/>
</testsuite> <!-- Devices.Whatsapp -->
