<?xml version="1.0" encoding="UTF-8"?>
<!-- Generated by org.testng.reporters.JUnitReportReporter -->
<testsuite hostname="CELSYS028" name="Demo.Search4" tests="1" failures="0" timestamp="4 Oct 2017 09:51:53 GMT" time="27.189" errors="0">
  <testcase name="search2" time="27.189" classname="Demo.Search4"/>
</testsuite> <!-- Demo.Search4 -->
