<?xml version="1.0" encoding="UTF-8"?>
<!-- Generated by org.testng.reporters.JUnitReportReporter -->
<testsuite hostname="CELSYS028" name="Demo.MyRibbonDeletion_Demo" tests="2" failures="0" timestamp="24 Jul 2017 11:47:36 GMT" time="23.396" errors="0">
  <testcase name="ribbon_Register1" time="19.356" classname="Demo.MyRibbonDeletion_Demo"/>
  <testcase name="ribbon_delete" time="4.040" classname="Demo.MyRibbonDeletion_Demo"/>
</testsuite> <!-- Demo.MyRibbonDeletion_Demo -->
