<?xml version="1.0" encoding="UTF-8"?>
<!-- Generated by org.testng.reporters.JUnitReportReporter -->
<testsuite hostname="CELSYS028" name="Demo.MyRibbonRegistration_Demo" tests="1" failures="0" timestamp="24 Jul 2017 11:47:36 GMT" time="17.107" errors="0">
  <testcase name="ribbon_Register" time="17.107" classname="Demo.MyRibbonRegistration_Demo"/>
</testsuite> <!-- Demo.MyRibbonRegistration_Demo -->
