<?xml version="1.0" encoding="UTF-8"?>
<!-- Generated by org.testng.reporters.JUnitReportReporter -->
<testsuite hostname="CELSYS028" name="Demo.Search5" tests="1" failures="0" timestamp="4 Oct 2017 11:18:49 GMT" time="17.938" errors="0">
  <testcase name="search1" time="17.938" classname="Demo.Search5"/>
</testsuite> <!-- Demo.Search5 -->
