<?xml version="1.0" encoding="UTF-8"?>
<!-- Generated by org.testng.reporters.JUnitReportReporter -->
<testsuite hostname="CELSYS028" name="Demo.Spoke_BackDemo" tests="1" failures="0" timestamp="26 Sep 2017 12:11:50 GMT" time="46.318" errors="0">
  <testcase name="test_SpokeBack" time="46.318" classname="Demo.Spoke_BackDemo"/>
</testsuite> <!-- Demo.Spoke_BackDemo -->
