<?xml version="1.0" encoding="UTF-8"?>
<!-- Generated by org.testng.reporters.JUnitReportReporter -->
<testsuite hostname="CELSYS028" name="Demo.shareMenu_ListArticles" tests="1" failures="0" timestamp="18 Aug 2017 13:00:26 GMT" time="25.425" errors="0">
  <testcase name="test" time="25.425" classname="Demo.shareMenu_ListArticles"/>
</testsuite> <!-- Demo.shareMenu_ListArticles -->
