<?xml version="1.0" encoding="UTF-8"?>
<!-- Generated by org.testng.reporters.JUnitReportReporter -->
<testsuite hostname="CELSYS028" name="Demo.Nexus_Demo" tests="1" failures="0" timestamp="8 Aug 2017 12:05:19 GMT" time="4.193" errors="0">
  <testcase name="test_Home" time="4.193" classname="Demo.Nexus_Demo"/>
</testsuite> <!-- Demo.Nexus_Demo -->
