<?xml version="1.0" encoding="UTF-8"?>
<!-- Generated by org.testng.reporters.JUnitReportReporter -->
<testsuite hostname="CELSYS028" name="Demo.RIbbonRegister_Landscape" tests="1" failures="0" timestamp="24 Jul 2017 11:47:36 GMT" time="18.454" errors="0">
  <testcase name="ribbon_Register" time="18.454" classname="Demo.RIbbonRegister_Landscape"/>
</testsuite> <!-- Demo.RIbbonRegister_Landscape -->
