<?xml version="1.0" encoding="UTF-8"?>
<!-- Generated by org.testng.reporters.JUnitReportReporter -->
<testsuite hostname="CELSYS028" name="Demo.Search1" tests="1" failures="0" timestamp="28 Sep 2017 07:48:33 GMT" time="23.876" errors="0">
  <testcase name="search" time="23.876" classname="Demo.Search1"/>
</testsuite> <!-- Demo.Search1 -->
