<?xml version="1.0" encoding="UTF-8"?>
<!-- Generated by org.testng.reporters.JUnitReportReporter -->
<testsuite hostname="CELSYS028" name="Demo.Spoke_BackDemo" tests="1" failures="0" timestamp="3 Oct 2017 07:41:21 GMT" time="48.434" errors="0">
  <testcase name="test_SpokeBack" time="48.434" classname="Demo.Spoke_BackDemo"/>
</testsuite> <!-- Demo.Spoke_BackDemo -->
