<?xml version="1.0" encoding="UTF-8"?>
<!-- Generated by org.testng.reporters.JUnitReportReporter -->
<testsuite hostname="CELSYS028" name="Demo.MTL_BackDemo" tests="1" failures="0" timestamp="10 Aug 2017 06:37:10 GMT" time="11.650" errors="0">
  <testcase name="test_Home" time="11.650" classname="Demo.MTL_BackDemo"/>
</testsuite> <!-- Demo.MTL_BackDemo -->
