<?xml version="1.0" encoding="UTF-8"?>
<!-- Generated by org.testng.reporters.JUnitReportReporter -->
<testsuite hostname="CELSYS028" name="Demo.ShareMenu_2" tests="1" failures="0" timestamp="21 Aug 2017 07:38:54 GMT" time="28.829" errors="0">
  <testcase name="shareWindow" time="28.829" classname="Demo.ShareMenu_2"/>
</testsuite> <!-- Demo.ShareMenu_2 -->
