<?xml version="1.0" encoding="UTF-8"?>
<!-- Generated by org.testng.reporters.JUnitReportReporter -->
<testsuite hostname="CELSYS028" name="Demo.RIbbonRegister_Landscape" tests="1" failures="1" timestamp="27 Sep 2017 08:40:19 GMT" time="3.625" errors="0">
  <testcase name="ribbon_Register" time="3.625" classname="Demo.RIbbonRegister_Landscape">
    <failure type="org.openqa.selenium.InvalidSelectorException" message="Locator Strategy &#039;name&#039; is not supported for this session (WARNING: The server did not provide any stacktrace information)
Command duration or timeout: 31 milliseconds
For documentation on this error, please visit: http://seleniumhq.org/exceptions/invalid_selector_exception.html
Build info: version: &#039;unknown&#039;, revision: &#039;unknown&#039;, time: &#039;unknown&#039;
System info: host: &#039;CELSYS028&#039;, ip: &#039;192.168.5.79&#039;, os.name: &#039;Windows 7&#039;, os.arch: &#039;amd64&#039;, os.version: &#039;6.1&#039;, java.version: &#039;1.8.0_144&#039;
Driver info: io.appium.java_client.android.AndroidDriver
Capabilities [{appPackage=jp.co.necp.mytimeline, deviceScreenSize=1200x1920, networkConnectionEnabled=true, warnings={}, databaseEnabled=false, deviceName=6b3f9b22, version=6.0.1, platform=LINUX, deviceUDID=6b3f9b22, appActivity=jp.co.necp.mytimeline.MainActivity, desired={appPackage=jp.co.necp.mytimeline, appActivity=jp.co.necp.mytimeline.MainActivity, no-reset=true, newCommandTimeout=20, full-reset=false, platformName=Android, deviceName=nec-pc_ts508fam-6b3f9b22, version=6.0.1}, no-reset=true, newCommandTimeout=20, platformVersion=6.0.1, webStorageEnabled=false, locationContextEnabled=false, full-reset=false, takesScreenshot=true, javascriptEnabled=true, deviceModel=PC-TS508FAM, platformName=Android, deviceManufacturer=NEC}]
Session ID: 51ad9fd3-aba6-4b0a-b1dd-b7d52d3a1d4d
*** Element info: {Using=name, value=マイリボン設定}">
      <![CDATA[org.openqa.selenium.InvalidSelectorException: Locator Strategy 'name' is not supported for this session (WARNING: The server did not provide any stacktrace information)
Command duration or timeout: 31 milliseconds
For documentation on this error, please visit: http://seleniumhq.org/exceptions/invalid_selector_exception.html
Build info: version: 'unknown', revision: 'unknown', time: 'unknown'
System info: host: 'CELSYS028', ip: '192.168.5.79', os.name: 'Windows 7', os.arch: 'amd64', os.version: '6.1', java.version: '1.8.0_144'
Driver info: io.appium.java_client.android.AndroidDriver
Capabilities [{appPackage=jp.co.necp.mytimeline, deviceScreenSize=1200x1920, networkConnectionEnabled=true, warnings={}, databaseEnabled=false, deviceName=6b3f9b22, version=6.0.1, platform=LINUX, deviceUDID=6b3f9b22, appActivity=jp.co.necp.mytimeline.MainActivity, desired={appPackage=jp.co.necp.mytimeline, appActivity=jp.co.necp.mytimeline.MainActivity, no-reset=true, newCommandTimeout=20, full-reset=false, platformName=Android, deviceName=nec-pc_ts508fam-6b3f9b22, version=6.0.1}, no-reset=true, newCommandTimeout=20, platformVersion=6.0.1, webStorageEnabled=false, locationContextEnabled=false, full-reset=false, takesScreenshot=true, javascriptEnabled=true, deviceModel=PC-TS508FAM, platformName=Android, deviceManufacturer=NEC}]
Session ID: 51ad9fd3-aba6-4b0a-b1dd-b7d52d3a1d4d
*** Element info: {Using=name, value=マイリボン設定}
	at sun.reflect.NativeConstructorAccessorImpl.newInstance0(Native Method)
	at sun.reflect.NativeConstructorAccessorImpl.newInstance(Unknown Source)
	at sun.reflect.DelegatingConstructorAccessorImpl.newInstance(Unknown Source)
	at java.lang.reflect.Constructor.newInstance(Unknown Source)
	at org.openqa.selenium.remote.ErrorHandler.createThrowable(ErrorHandler.java:215)
	at org.openqa.selenium.remote.ErrorHandler.throwIfResponseFailed(ErrorHandler.java:167)
	at org.openqa.selenium.remote.RemoteWebDriver.execute(RemoteWebDriver.java:671)
	at io.appium.java_client.DefaultGenericMobileDriver.execute(DefaultGenericMobileDriver.java:42)
	at io.appium.java_client.AppiumDriver.execute(AppiumDriver.java:1)
	at io.appium.java_client.android.AndroidDriver.execute(AndroidDriver.java:1)
	at org.openqa.selenium.remote.RemoteWebDriver.findElement(RemoteWebDriver.java:410)
	at io.appium.java_client.DefaultGenericMobileDriver.findElement(DefaultGenericMobileDriver.java:62)
	at io.appium.java_client.AppiumDriver.findElement(AppiumDriver.java:1)
	at io.appium.java_client.android.AndroidDriver.findElement(AndroidDriver.java:1)
	at org.openqa.selenium.remote.RemoteWebDriver.findElementByName(RemoteWebDriver.java:485)
	at io.appium.java_client.DefaultGenericMobileDriver.findElementByName(DefaultGenericMobileDriver.java:110)
	at io.appium.java_client.AppiumDriver.findElementByName(AppiumDriver.java:1)
	at io.appium.java_client.android.AndroidDriver.findElementByName(AndroidDriver.java:1)
	at org.openqa.selenium.By$ByName.findElement(By.java:303)
	at org.openqa.selenium.remote.RemoteWebDriver.findElement(RemoteWebDriver.java:402)
	at io.appium.java_client.DefaultGenericMobileDriver.findElement(DefaultGenericMobileDriver.java:58)
	at io.appium.java_client.AppiumDriver.findElement(AppiumDriver.java:1)
	at io.appium.java_client.android.AndroidDriver.findElement(AndroidDriver.java:1)
	at Demo.RIbbonRegister_Landscape.ribbon_Register(RIbbonRegister_Landscape.java:68)
	at sun.reflect.NativeMethodAccessorImpl.invoke0(Native Method)
	at sun.reflect.NativeMethodAccessorImpl.invoke(Unknown Source)
	at sun.reflect.DelegatingMethodAccessorImpl.invoke(Unknown Source)
	at java.lang.reflect.Method.invoke(Unknown Source)
	at org.testng.internal.MethodInvocationHelper.invokeMethod(MethodInvocationHelper.java:80)
	at org.testng.internal.Invoker.invokeMethod(Invoker.java:715)
	at org.testng.internal.Invoker.invokeTestMethod(Invoker.java:907)
	at org.testng.internal.Invoker.invokeTestMethods(Invoker.java:1237)
	at org.testng.internal.TestMethodWorker.invokeTestMethods(TestMethodWorker.java:127)
	at org.testng.internal.TestMethodWorker.run(TestMethodWorker.java:111)
	at org.testng.TestRunner.privateRun(TestRunner.java:767)
	at org.testng.TestRunner.run(TestRunner.java:617)
	at org.testng.SuiteRunner.runTest(SuiteRunner.java:334)
	at org.testng.SuiteRunner.runSequentially(SuiteRunner.java:329)
	at org.testng.SuiteRunner.privateRun(SuiteRunner.java:291)
	at org.testng.SuiteRunner.run(SuiteRunner.java:240)
	at org.testng.SuiteRunnerWorker.runSuite(SuiteRunnerWorker.java:51)
	at org.testng.SuiteRunnerWorker.run(SuiteRunnerWorker.java:85)
	at org.testng.TestNG.runSuitesSequentially(TestNG.java:1197)
	at org.testng.TestNG.runSuitesLocally(TestNG.java:1122)
	at org.testng.TestNG.run(TestNG.java:1030)
	at org.testng.remote.AbstractRemoteTestNG.run(AbstractRemoteTestNG.java:132)
	at org.testng.remote.RemoteTestNG.initAndRun(RemoteTestNG.java:230)
	at org.testng.remote.RemoteTestNG.main(RemoteTestNG.java:76)
]]>
    </failure>
  </testcase> <!-- ribbon_Register -->
</testsuite> <!-- Demo.RIbbonRegister_Landscape -->
