<?xml version="1.0" encoding="UTF-8"?>
<!-- Generated by org.testng.reporters.JUnitReportReporter -->
<testsuite hostname="CELSYS028" name="Demo.Search3" tests="1" failures="0" timestamp="4 Oct 2017 06:56:39 GMT" time="15.699" errors="0">
  <testcase name="search2" time="15.699" classname="Demo.Search3"/>
</testsuite> <!-- Demo.Search3 -->
