<?xml version="1.0" encoding="UTF-8"?>
<!-- Generated by org.testng.reporters.JUnitReportReporter -->
<testsuite hostname="CELSYS028" name="Demo.MyRibbonBack" tests="2" failures="0" timestamp="19 Sep 2017 11:40:07 GMT" time="39.268" errors="0">
  <testcase name="ribbon_Register" time="25.235" classname="Demo.MyRibbonBack"/>
  <testcase name="hamburger_menu" time="14.033" classname="Demo.MyRibbonBack"/>
</testsuite> <!-- Demo.MyRibbonBack -->
