<?xml version="1.0" encoding="UTF-8"?>
<!-- Generated by org.testng.reporters.JUnitReportReporter -->
<testsuite hostname="CELSYS028" name="Demo.Nexus_Demo" tests="1" failures="0" timestamp="21 Sep 2017 13:10:53 GMT" time="3.468" errors="0">
  <testcase name="test_Home" time="3.468" classname="Demo.Nexus_Demo"/>
</testsuite> <!-- Demo.Nexus_Demo -->
