<?xml version="1.0" encoding="UTF-8"?>
<!-- Generated by org.testng.reporters.JUnitReportReporter -->
<testsuite hostname="CELSYS028" name="Demo.Search2" tests="1" failures="0" timestamp="4 Oct 2017 06:55:45 GMT" time="15.842" errors="0">
  <testcase name="search2" time="15.842" classname="Demo.Search2"/>
</testsuite> <!-- Demo.Search2 -->
