<?xml version="1.0" encoding="UTF-8"?>
<!-- Generated by org.testng.reporters.JUnitReportReporter -->
<testsuite hostname="CELSYS028" name="Demo.Spoke_BackDemo" tests="1" failures="0" timestamp="10 Aug 2017 06:38:16 GMT" time="46.084" errors="0">
  <testcase name="test_Spoke" time="46.084" classname="Demo.Spoke_BackDemo"/>
</testsuite> <!-- Demo.Spoke_BackDemo -->
