<?xml version="1.0" encoding="UTF-8"?>
<!-- Generated by org.testng.reporters.JUnitReportReporter -->
<testsuite hostname="CELSYS028" name="Demo.Spoke_BackDemo" tests="1" failures="0" timestamp="24 Jul 2017 11:47:36 GMT" time="11.527" errors="0">
  <testcase name="test_Spoke" time="11.527" classname="Demo.Spoke_BackDemo"/>
</testsuite> <!-- Demo.Spoke_BackDemo -->
