<?xml version="1.0" encoding="UTF-8"?>
<!-- Generated by org.testng.reporters.JUnitReportReporter -->
<testsuite hostname="CELSYS028" name="Demo.MTL_BackDemo" tests="1" failures="0" timestamp="24 Jul 2017 13:12:05 GMT" time="2.922" errors="0">
  <testcase name="test_Home" time="2.922" classname="Demo.MTL_BackDemo"/>
</testsuite> <!-- Demo.MTL_BackDemo -->
