<?xml version="1.0" encoding="UTF-8"?>
<!-- Generated by org.testng.reporters.JUnitReportReporter -->
<testsuite hostname="CELSYS028" name="Demo.MyRibbonRegistration_Demo" tests="1" failures="0" timestamp="27 Sep 2017 10:55:32 GMT" time="20.025" errors="0">
  <testcase name="ribbon_Register" time="20.025" classname="Demo.MyRibbonRegistration_Demo"/>
</testsuite> <!-- Demo.MyRibbonRegistration_Demo -->
