<?xml version="1.0" encoding="UTF-8"?>
<!-- Generated by org.testng.reporters.JUnitReportReporter -->
<testsuite hostname="CELSYS028" name="Demo.MyRibbonBack" tests="2" failures="0" timestamp="18 Aug 2017 07:22:18 GMT" time="35.460" errors="0">
  <testcase name="ribbon_Register" time="21.024" classname="Demo.MyRibbonBack"/>
  <testcase name="hamburger_menu" time="14.436" classname="Demo.MyRibbonBack"/>
</testsuite> <!-- Demo.MyRibbonBack -->
