<?xml version="1.0" encoding="UTF-8"?>
<!-- Generated by org.testng.reporters.JUnitReportReporter -->
<testsuite hostname="CELSYS028" name="Demo.Search1" tests="1" failures="0" timestamp="4 Oct 2017 06:54:46 GMT" time="15.981" errors="0">
  <testcase name="search1" time="15.981" classname="Demo.Search1"/>
</testsuite> <!-- Demo.Search1 -->
