<?xml version="1.0" encoding="UTF-8"?>
<!-- Generated by org.testng.reporters.JUnitReportReporter -->
<testsuite hostname="CELSYS028" name="Demo.MTL_BackDemo" tests="1" failures="0" timestamp="3 Oct 2017 07:37:58 GMT" time="18.584" errors="0">
  <testcase name="test_weather" time="18.584" classname="Demo.MTL_BackDemo"/>
</testsuite> <!-- Demo.MTL_BackDemo -->
